0 info it worked if it ends with ok
1 verbose cli [ 'D:\\nodejs\\node.exe',
1 verbose cli   'D:\\nodejs\\node_modules\\npm\\bin\\npm-cli.js',
1 verbose cli   'start' ]
2 info using npm@3.10.10
3 info using node@v6.11.3
4 verbose run-script [ 'prestart', 'start', 'poststart' ]
5 info lifecycle site@1.0.0~prestart: site@1.0.0
6 silly lifecycle site@1.0.0~prestart: no script for prestart, continuing
7 info lifecycle site@1.0.0~start: site@1.0.0
8 verbose lifecycle site@1.0.0~start: unsafe-perm in lifecycle true
9 verbose lifecycle site@1.0.0~start: PATH: D:\nodejs\node_modules\npm\bin\node-gyp-bin;D:\site\node_modules\.bin;C:\ProgramData\Oracle\Java\javapath;C:\Windows\system32;C:\Windows;C:\Windows\System32\Wbem;C:\Windows\System32\WindowsPowerShell\v1.0\;C:\Python27\Scripts;C:\Program Files\Microsoft SQL Server\130\Tools\Binn\;C:\Program Files (x86)\GtkSharp\2.12\bin;C:\Program Files (x86)\Skype\Phone\;C:\php;C:\ProgramData\ComposerSetup\bin;C:\Program Files\Git\cmd;D:\nodejs\;C:\Users\Андрей\AppData\Local\Programs\Python\Python35-32;C:\Users\Андрей\AppData\Local\Programs\Python\Python35-32\Scripts; C:\Program Files (x86)\WinRAR\WinRAR;D:\lol;C:\Users\Андрей\AppData\Roaming\Composer\vendor\bin;C:\Users\Андрей\AppData\Roaming\npm
10 verbose lifecycle site@1.0.0~start: CWD: D:\site
11 silly lifecycle site@1.0.0~start: Args: [ '/d /s /c',
11 silly lifecycle   'browser-sync start --directory --server --files \'*.css, *.html, *.js\'' ]
12 silly lifecycle site@1.0.0~start: Returned: code: 3221225786  signal: null
13 info lifecycle site@1.0.0~start: Failed to exec start script
14 verbose stack Error: site@1.0.0 start: `browser-sync start --directory --server --files '*.css, *.html, *.js'`
14 verbose stack Exit status 3221225786
14 verbose stack     at EventEmitter.<anonymous> (D:\nodejs\node_modules\npm\lib\utils\lifecycle.js:255:16)
14 verbose stack     at emitTwo (events.js:106:13)
14 verbose stack     at EventEmitter.emit (events.js:191:7)
14 verbose stack     at ChildProcess.<anonymous> (D:\nodejs\node_modules\npm\lib\utils\spawn.js:40:14)
14 verbose stack     at emitTwo (events.js:106:13)
14 verbose stack     at ChildProcess.emit (events.js:191:7)
14 verbose stack     at maybeClose (internal/child_process.js:920:16)
14 verbose stack     at Process.ChildProcess._handle.onexit (internal/child_process.js:230:5)
15 verbose pkgid site@1.0.0
16 verbose cwd D:\site
17 error Windows_NT 6.1.7601
18 error argv "D:\\nodejs\\node.exe" "D:\\nodejs\\node_modules\\npm\\bin\\npm-cli.js" "start"
19 error node v6.11.3
20 error npm  v3.10.10
21 error code ELIFECYCLE
22 error site@1.0.0 start: `browser-sync start --directory --server --files '*.css, *.html, *.js'`
22 error Exit status 3221225786
23 error Failed at the site@1.0.0 start script 'browser-sync start --directory --server --files '*.css, *.html, *.js''.
23 error Make sure you have the latest version of node.js and npm installed.
23 error If you do, this is most likely a problem with the site package,
23 error not with npm itself.
23 error Tell the author that this fails on your system:
23 error     browser-sync start --directory --server --files '*.css, *.html, *.js'
23 error You can get information on how to open an issue for this project with:
23 error     npm bugs site
23 error Or if that isn't available, you can get their info via:
23 error     npm owner ls site
23 error There is likely additional logging output above.
24 verbose exit [ 1, true ]
